Started GET "/" for ::1 at 2024-09-09 12:15:28 +0900
  [1m[35m (0.4ms)[0m  [1m[35mCREATE TABLE "schema_migrations" ("version" varchar NOT NULL PRIMARY KEY)[0m
  [1m[35m (0.1ms)[0m  [1m[35mCREATE TABLE "ar_internal_metadata" ("key" varchar NOT NULL PRIMARY KEY, "value" varchar, "created_at" datetime(6) NOT NULL, "updated_at" datetime(6) NOT NULL)[0m
  [1m[36mActiveRecord::SchemaMigration Load (0.1ms)[0m  [1m[34mSELECT "schema_migrations"."version" FROM "schema_migrations" ORDER BY "schema_migrations"."version" ASC[0m
Processing by HomeController#top as HTML
  Rendering layout layouts/application.html.erb
  Rendering home/top.html.erb within layouts/application
  Rendered home/top.html.erb within layouts/application (Duration: 0.1ms | Allocations: 205)
  Rendered layout layouts/application.html.erb (Duration: 7.8ms | Allocations: 3730)
Completed 500 Internal Server Error in 463ms (ActiveRecord: 0.0ms | Allocations: 172352)


  
LoadError (cannot load such file -- sassc):
  
app/views/layouts/application.html.erb:9
Started GET "/" for ::1 at 2024-09-09 12:22:04 +0900
  [1m[36mActiveRecord::SchemaMigration Load (0.0ms)[0m  [1m[34mSELECT "schema_migrations"."version" FROM "schema_migrations" ORDER BY "schema_migrations"."version" ASC[0m
Processing by HomeController#top as HTML
  Rendering layout layouts/application.html.erb
  Rendering home/top.html.erb within layouts/application
  Rendered home/top.html.erb within layouts/application (Duration: 0.2ms | Allocations: 205)
  Rendered layout layouts/application.html.erb (Duration: 4.0ms | Allocations: 3592)
Completed 500 Internal Server Error in 92ms (ActiveRecord: 0.0ms | Allocations: 38086)


  
LoadError (cannot load such file -- sassc):
  
app/views/layouts/application.html.erb:9
Started GET "/" for ::1 at 2024-09-09 12:25:00 +0900
  [1m[36mActiveRecord::SchemaMigration Load (0.0ms)[0m  [1m[34mSELECT "schema_migrations"."version" FROM "schema_migrations" ORDER BY "schema_migrations"."version" ASC[0m
Processing by HomeController#top as HTML
  Rendering layout layouts/application.html.erb
  Rendering home/top.html.erb within layouts/application
  Rendered home/top.html.erb within layouts/application (Duration: 0.1ms | Allocations: 205)
  Rendered layout layouts/application.html.erb (Duration: 3.9ms | Allocations: 3592)
Completed 500 Internal Server Error in 92ms (ActiveRecord: 0.0ms | Allocations: 38091)


  
LoadError (cannot load such file -- sassc):
  
app/views/layouts/application.html.erb:9
Started GET "/" for ::1 at 2024-09-09 12:26:33 +0900
  [1m[36mActiveRecord::SchemaMigration Load (0.0ms)[0m  [1m[34mSELECT "schema_migrations"."version" FROM "schema_migrations" ORDER BY "schema_migrations"."version" ASC[0m
Processing by HomeController#top as HTML
  Rendering layout layouts/application.html.erb
  Rendering home/top.html.erb within layouts/application
  Rendered home/top.html.erb within layouts/application (Duration: 0.2ms | Allocations: 205)
  Rendered layout layouts/application.html.erb (Duration: 3.6ms | Allocations: 3587)
Completed 500 Internal Server Error in 44ms (ActiveRecord: 0.0ms | Allocations: 38169)


  
LoadError (cannot load such file -- sassc):
  
app/views/layouts/application.html.erb:9
Started GET "/" for ::1 at 2024-09-09 12:30:48 +0900
  [1m[36mActiveRecord::SchemaMigration Load (0.1ms)[0m  [1m[34mSELECT "schema_migrations"."version" FROM "schema_migrations" ORDER BY "schema_migrations"."version" ASC[0m
Processing by HomeController#top as HTML
  Rendering layout layouts/application.html.erb
  Rendering home/top.html.erb within layouts/application
  Rendered home/top.html.erb within layouts/application (Duration: 0.2ms | Allocations: 205)
  Rendered layout layouts/application.html.erb (Duration: 7.9ms | Allocations: 4796)
Completed 500 Internal Server Error in 95ms (ActiveRecord: 0.0ms | Allocations: 39245)


  
ActionView::Template::Error (Error: File to import not found or unreadable: bootstrap.
        on line 16:1 of app/assets/stylesheets/application.scss
>> @import "bootstrap";

   ^
):
     6:     <%= csrf_meta_tags %>
     7:     <%= csp_meta_tag %>
     8: 
     9:     <%= stylesheet_link_tag "application" %>
    10:     <%= javascript_include_tag "application", "data-turbo-track": "reload", defer: true %>
    11:   </head>
    12: 
  
app/views/layouts/application.html.erb:9
Started GET "/" for ::1 at 2024-09-09 12:32:24 +0900
  [1m[36mActiveRecord::SchemaMigration Load (0.0ms)[0m  [1m[34mSELECT "schema_migrations"."version" FROM "schema_migrations" ORDER BY "schema_migrations"."version" ASC[0m
Processing by HomeController#top as HTML
  Rendering layout layouts/application.html.erb
  Rendering home/top.html.erb within layouts/application
  Rendered home/top.html.erb within layouts/application (Duration: 0.2ms | Allocations: 205)
  Rendered layout layouts/application.html.erb (Duration: 5.6ms | Allocations: 4889)
Completed 500 Internal Server Error in 101ms (ActiveRecord: 0.0ms | Allocations: 39554)


  
ActionView::Template::Error (Error: File to import not found or unreadable: bootstrap/scss/bootstrap.
        on line 16:1 of app/assets/stylesheets/application.scss
>> @import "bootstrap/scss/bootstrap";

   ^
):
     6:     <%= csrf_meta_tags %>
     7:     <%= csp_meta_tag %>
     8: 
     9:     <%= stylesheet_link_tag "application" %>
    10:     <%= javascript_include_tag "application", "data-turbo-track": "reload", defer: true %>
    11:   </head>
    12: 
  
app/views/layouts/application.html.erb:9
Started GET "/" for ::1 at 2024-09-09 12:35:28 +0900
  [1m[36mActiveRecord::SchemaMigration Load (0.1ms)[0m  [1m[34mSELECT "schema_migrations"."version" FROM "schema_migrations" ORDER BY "schema_migrations"."version" ASC[0m
Processing by HomeController#top as HTML
  Rendering layout layouts/application.html.erb
  Rendering home/top.html.erb within layouts/application
  Rendered home/top.html.erb within layouts/application (Duration: 0.2ms | Allocations: 205)
  Rendered layout layouts/application.html.erb (Duration: 7.1ms | Allocations: 4783)
Completed 500 Internal Server Error in 96ms (ActiveRecord: 0.0ms | Allocations: 39342)


  
ActionView::Template::Error (Error: File to import not found or unreadable: bootstrap/scss/bootstrap.
        on line 16:1 of app/assets/stylesheets/application.scss
>> @import "bootstrap/scss/bootstrap";

   ^
):
     6:     <%= csrf_meta_tags %>
     7:     <%= csp_meta_tag %>
     8: 
     9:     <%= stylesheet_link_tag "application" %>
    10:     <%= javascript_include_tag "application", "data-turbo-track": "reload", defer: true %>
    11:   </head>
    12: 
  
app/views/layouts/application.html.erb:9
Started GET "/" for ::1 at 2024-09-09 12:35:30 +0900
Processing by HomeController#top as HTML
  Rendering layout layouts/application.html.erb
  Rendering home/top.html.erb within layouts/application
  Rendered home/top.html.erb within layouts/application (Duration: 0.0ms | Allocations: 7)
  Rendered layout layouts/application.html.erb (Duration: 4.9ms | Allocations: 3021)
Completed 500 Internal Server Error in 5ms (ActiveRecord: 0.0ms | Allocations: 3261)


  
ActionView::Template::Error (Error: File to import not found or unreadable: bootstrap/scss/bootstrap.
        on line 16:1 of app/assets/stylesheets/application.scss
>> @import "bootstrap/scss/bootstrap";

   ^
):
     6:     <%= csrf_meta_tags %>
     7:     <%= csp_meta_tag %>
     8: 
     9:     <%= stylesheet_link_tag "application" %>
    10:     <%= javascript_include_tag "application", "data-turbo-track": "reload", defer: true %>
    11:   </head>
    12: 
  
app/views/layouts/application.html.erb:9
Started GET "/" for ::1 at 2024-09-09 12:35:34 +0900
Processing by HomeController#top as HTML
  Rendering layout layouts/application.html.erb
  Rendering home/top.html.erb within layouts/application
  Rendered home/top.html.erb within layouts/application (Duration: 0.0ms | Allocations: 7)
  Rendered layout layouts/application.html.erb (Duration: 6.5ms | Allocations: 3019)
Completed 500 Internal Server Error in 7ms (ActiveRecord: 0.0ms | Allocations: 3258)


  
ActionView::Template::Error (Error: File to import not found or unreadable: bootstrap/scss/bootstrap.
        on line 16:1 of app/assets/stylesheets/application.scss
>> @import "bootstrap/scss/bootstrap";

   ^
):
     6:     <%= csrf_meta_tags %>
     7:     <%= csp_meta_tag %>
     8: 
     9:     <%= stylesheet_link_tag "application" %>
    10:     <%= javascript_include_tag "application", "data-turbo-track": "reload", defer: true %>
    11:   </head>
    12: 
  
app/views/layouts/application.html.erb:9
Started GET "/" for ::1 at 2024-09-09 12:47:28 +0900
  [1m[36mActiveRecord::SchemaMigration Load (0.1ms)[0m  [1m[34mSELECT "schema_migrations"."version" FROM "schema_migrations" ORDER BY "schema_migrations"."version" ASC[0m
Processing by HomeController#top as HTML
  Rendering layout layouts/application.html.erb
  Rendering home/top.html.erb within layouts/application
  Rendered home/top.html.erb within layouts/application (Duration: 0.2ms | Allocations: 205)
  Rendered layout layouts/application.html.erb (Duration: 7.3ms | Allocations: 5824)
Completed 500 Internal Server Error in 112ms (ActiveRecord: 0.0ms | Allocations: 40328)


  
ActionView::Template::Error (Error: Invalid CSS after "...port 'bootstrap": expected 1 selector or at-rule, was "/dist/css/bootstrap"
        on line 16:19 of app/assets/stylesheets/application.scss
>> @import '@import 'bootstrap/dist/css/bootstrap';

   ------------------^
):
     6:     <%= csrf_meta_tags %>
     7:     <%= csp_meta_tag %>
     8: 
     9:     <%= stylesheet_link_tag "application" %>
    10:     <%= javascript_include_tag "application", "data-turbo-track": "reload", defer: true %>
    11:   </head>
    12: 
  
app/views/layouts/application.html.erb:9
Started GET "/" for ::1 at 2024-09-09 12:48:13 +0900
Processing by HomeController#top as HTML
  Rendering layout layouts/application.html.erb
  Rendering home/top.html.erb within layouts/application
  Rendered home/top.html.erb within layouts/application (Duration: 0.0ms | Allocations: 7)
  Rendered layout layouts/application.html.erb (Duration: 7.0ms | Allocations: 3077)
Completed 500 Internal Server Error in 8ms (ActiveRecord: 0.0ms | Allocations: 3317)


  
ActionView::Template::Error (Error: File to import not found or unreadable: bootstrap/dist/css/bootstrap.
        on line 16:1 of app/assets/stylesheets/application.scss
>> @import 'bootstrap/dist/css/bootstrap';

   ^
):
     6:     <%= csrf_meta_tags %>
     7:     <%= csp_meta_tag %>
     8: 
     9:     <%= stylesheet_link_tag "application" %>
    10:     <%= javascript_include_tag "application", "data-turbo-track": "reload", defer: true %>
    11:   </head>
    12: 
  
app/views/layouts/application.html.erb:9
Started GET "/" for ::1 at 2024-09-09 12:48:15 +0900
Processing by HomeController#top as HTML
  Rendering layout layouts/application.html.erb
  Rendering home/top.html.erb within layouts/application
  Rendered home/top.html.erb within layouts/application (Duration: 0.0ms | Allocations: 7)
  Rendered layout layouts/application.html.erb (Duration: 6.5ms | Allocations: 3019)
Completed 500 Internal Server Error in 8ms (ActiveRecord: 0.0ms | Allocations: 3258)


  
ActionView::Template::Error (Error: File to import not found or unreadable: bootstrap/dist/css/bootstrap.
        on line 16:1 of app/assets/stylesheets/application.scss
>> @import 'bootstrap/dist/css/bootstrap';

   ^
):
     6:     <%= csrf_meta_tags %>
     7:     <%= csp_meta_tag %>
     8: 
     9:     <%= stylesheet_link_tag "application" %>
    10:     <%= javascript_include_tag "application", "data-turbo-track": "reload", defer: true %>
    11:   </head>
    12: 
  
app/views/layouts/application.html.erb:9
Started GET "/" for ::1 at 2024-09-09 12:50:35 +0900
  [1m[36mActiveRecord::SchemaMigration Load (0.1ms)[0m  [1m[34mSELECT "schema_migrations"."version" FROM "schema_migrations" ORDER BY "schema_migrations"."version" ASC[0m
Processing by HomeController#top as HTML
  Rendering layout layouts/application.html.erb
  Rendering home/top.html.erb within layouts/application
  Rendered home/top.html.erb within layouts/application (Duration: 0.2ms | Allocations: 205)
  Rendered layout layouts/application.html.erb (Duration: 12.1ms | Allocations: 5951)
Completed 500 Internal Server Error in 118ms (ActiveRecord: 0.0ms | Allocations: 40550)


  
ActionView::Template::Error (Error: File to import not found or unreadable: application.bootstrap.
        on line 16:1 of app/assets/stylesheets/application.scss
>> @import "application.bootstrap";

   ^
):
     6:     <%= csrf_meta_tags %>
     7:     <%= csp_meta_tag %>
     8: 
     9:     <%= stylesheet_link_tag "application" %>
    10:     <%= javascript_include_tag "application", "data-turbo-track": "reload", defer: true %>
    11:   </head>
    12: 
  
app/views/layouts/application.html.erb:9
Started GET "/" for ::1 at 2024-09-09 13:18:26 +0900
Processing by HomeController#top as HTML
  Rendering layout layouts/application.html.erb
  Rendering home/top.html.erb within layouts/application
  Rendered home/top.html.erb within layouts/application (Duration: 0.1ms | Allocations: 7)
  Rendered layout layouts/application.html.erb (Duration: 24.3ms | Allocations: 6157)
Completed 500 Internal Server Error in 26ms (ActiveRecord: 0.0ms | Allocations: 6394)


  
ActionView::Template::Error (Error: File to import not found or unreadable: bootstrap/dist/css/bootstrap.
        on line 1:1 of app/assets/stylesheets/application.bootstraps.scss
>> @import 'bootstrap/dist/css/bootstrap';

   ^
):
     6:     <%= csrf_meta_tags %>
     7:     <%= csp_meta_tag %>
     8: 
     9:     <%= stylesheet_link_tag "application" %>
    10:     <%= javascript_include_tag "application", "data-turbo-track": "reload", defer: true %>
    11:   </head>
    12: 
  
app/views/layouts/application.html.erb:9
Started GET "/" for ::1 at 2024-09-09 16:10:44 +0900
Processing by HomeController#top as HTML
  Rendering layout layouts/application.html.erb
  Rendering home/top.html.erb within layouts/application
  Rendered home/top.html.erb within layouts/application (Duration: 0.0ms | Allocations: 7)
  Rendered layout layouts/application.html.erb (Duration: 6.4ms | Allocations: 3850)
Completed 500 Internal Server Error in 7ms (ActiveRecord: 0.0ms | Allocations: 4089)


  
ActionView::Template::Error (Error: File to import not found or unreadable: application.bootstrap.
        on line 13:1 of app/assets/stylesheets/application.scss
>> @import "application.bootstrap";

   ^
):
     6:     <%= csrf_meta_tags %>
     7:     <%= csp_meta_tag %>
     8: 
     9:     <%= stylesheet_link_tag "application" %>
    10:     <%= javascript_include_tag "application", "data-turbo-track": "reload", defer: true %>
    11:   </head>
    12: 
  
app/views/layouts/application.html.erb:9
Started GET "/" for ::1 at 2024-09-09 16:10:59 +0900
  [1m[36mActiveRecord::SchemaMigration Load (0.0ms)[0m  [1m[34mSELECT "schema_migrations"."version" FROM "schema_migrations" ORDER BY "schema_migrations"."version" ASC[0m
Processing by HomeController#top as HTML
  Rendering layout layouts/application.html.erb
  Rendering home/top.html.erb within layouts/application
  Rendered home/top.html.erb within layouts/application (Duration: 0.1ms | Allocations: 205)
  Rendered layout layouts/application.html.erb (Duration: 5.1ms | Allocations: 5538)
Completed 500 Internal Server Error in 106ms (ActiveRecord: 0.0ms | Allocations: 40209)


  
ActionView::Template::Error (Error: File to import not found or unreadable: application.bootstrap.
        on line 13:1 of app/assets/stylesheets/application.scss
>> @import "application.bootstrap";

   ^
):
     6:     <%= csrf_meta_tags %>
     7:     <%= csp_meta_tag %>
     8: 
     9:     <%= stylesheet_link_tag "application" %>
    10:     <%= javascript_include_tag "application", "data-turbo-track": "reload", defer: true %>
    11:   </head>
    12: 
  
app/views/layouts/application.html.erb:9
Started GET "/" for ::1 at 2024-09-09 16:11:29 +0900
Processing by HomeController#top as HTML
  Rendering layout layouts/application.html.erb
  Rendering home/top.html.erb within layouts/application
  Rendered home/top.html.erb within layouts/application (Duration: 0.0ms | Allocations: 7)
  Rendered layout layouts/application.html.erb (Duration: 8.6ms | Allocations: 3107)
Completed 500 Internal Server Error in 9ms (ActiveRecord: 0.0ms | Allocations: 3344)


  
ActionView::Template::Error (Error: File to import not found or unreadable: bootstrap/dist/css/bootstrap.
        on line 1:1 of app/assets/stylesheets/application.bootstraps.scss
        from line 1:1 of app/assets/stylesheets/application.scss
>> @import 'bootstrap/dist/css/bootstrap';
   ^
):
     6:     <%= csrf_meta_tags %>
     7:     <%= csp_meta_tag %>
     8: 
     9:     <%= stylesheet_link_tag "application" %>
    10:     <%= javascript_include_tag "application", "data-turbo-track": "reload", defer: true %>
    11:   </head>
    12: 
  
app/views/layouts/application.html.erb:9
Started GET "/" for ::1 at 2024-09-09 16:12:20 +0900
Processing by HomeController#top as HTML
  Rendering layout layouts/application.html.erb
  Rendering home/top.html.erb within layouts/application
  Rendered home/top.html.erb within layouts/application (Duration: 0.1ms | Allocations: 7)
  Rendered layout layouts/application.html.erb (Duration: 7.6ms | Allocations: 2872)
Completed 500 Internal Server Error in 9ms (ActiveRecord: 0.0ms | Allocations: 3104)


  
ActionView::Template::Error (Error: File to import not found or unreadable: bootstrap/dist/css/bootstrap.
        on line 1:1 of app/assets/stylesheets/application.scss
>> @import 'bootstrap/dist/css/bootstrap';

   ^
):
     6:     <%= csrf_meta_tags %>
     7:     <%= csp_meta_tag %>
     8: 
     9:     <%= stylesheet_link_tag "application" %>
    10:     <%= javascript_include_tag "application", "data-turbo-track": "reload", defer: true %>
    11:   </head>
    12: 
  
app/views/layouts/application.html.erb:9
Started GET "/" for ::1 at 2024-09-09 16:22:13 +0900
  [1m[36mActiveRecord::SchemaMigration Load (0.0ms)[0m  [1m[34mSELECT "schema_migrations"."version" FROM "schema_migrations" ORDER BY "schema_migrations"."version" ASC[0m
Processing by HomeController#top as HTML
  Rendering layout layouts/application.html.erb
  Rendering home/top.html.erb within layouts/application
  Rendered home/top.html.erb within layouts/application (Duration: 0.1ms | Allocations: 206)
  Rendered layout layouts/application.html.erb (Duration: 4.6ms | Allocations: 4555)
Completed 500 Internal Server Error in 107ms (ActiveRecord: 0.0ms | Allocations: 39149)


  
ActionView::Template::Error (Error: File to import not found or unreadable: bootstrap/dist/css/bootstrap.
        on line 1:1 of app/assets/stylesheets/application.scss
>> @import 'bootstrap/dist/css/bootstrap';

   ^
):
     6:     <%= csrf_meta_tags %>
     7:     <%= csp_meta_tag %>
     8: 
     9:     <%= stylesheet_link_tag "application" %>
    10:     <%= javascript_include_tag "application", "data-turbo-track": "reload", defer: true %>
    11:   </head>
    12: 
  
app/views/layouts/application.html.erb:9
Started GET "/" for ::1 at 2024-09-09 16:23:32 +0900
Processing by HomeController#top as HTML
  Rendering layout layouts/application.html.erb
  Rendering home/top.html.erb within layouts/application
  Rendered home/top.html.erb within layouts/application (Duration: 0.0ms | Allocations: 7)
  Rendered layout layouts/application.html.erb (Duration: 7.4ms | Allocations: 3046)
Completed 500 Internal Server Error in 9ms (ActiveRecord: 0.0ms | Allocations: 3283)


  
ActionView::Template::Error (Error: File to import not found or unreadable: bootstrap/dist/css.
        on line 1:1 of app/assets/stylesheets/application.scss
>> @import 'bootstrap/dist/css';

   ^
):
     6:     <%= csrf_meta_tags %>
     7:     <%= csp_meta_tag %>
     8: 
     9:     <%= stylesheet_link_tag "application" %>
    10:     <%= javascript_include_tag "application", "data-turbo-track": "reload", defer: true %>
    11:   </head>
    12: 
  
app/views/layouts/application.html.erb:9
Started GET "/" for ::1 at 2024-09-09 16:24:37 +0900
Processing by HomeController#top as HTML
  Rendering layout layouts/application.html.erb
  Rendering home/top.html.erb within layouts/application
  Rendered home/top.html.erb within layouts/application (Duration: 0.0ms | Allocations: 7)
  Rendered layout layouts/application.html.erb (Duration: 9.7ms | Allocations: 2876)
Completed 500 Internal Server Error in 10ms (ActiveRecord: 0.0ms | Allocations: 3112)


  
ActionView::Template::Error (Error: File to import not found or unreadable: bootstrap/scss/bootstrap.
        on line 1:1 of app/assets/stylesheets/application.scss
>> @import 'bootstrap/scss/bootstrap';

   ^
):
     6:     <%= csrf_meta_tags %>
     7:     <%= csp_meta_tag %>
     8: 
     9:     <%= stylesheet_link_tag "application" %>
    10:     <%= javascript_include_tag "application", "data-turbo-track": "reload", defer: true %>
    11:   </head>
    12: 
  
app/views/layouts/application.html.erb:9
Started GET "/" for ::1 at 2024-09-09 16:27:47 +0900
  [1m[36mActiveRecord::SchemaMigration Load (0.0ms)[0m  [1m[34mSELECT "schema_migrations"."version" FROM "schema_migrations" ORDER BY "schema_migrations"."version" ASC[0m
Processing by HomeController#top as HTML
  Rendering layout layouts/application.html.erb
  Rendering home/top.html.erb within layouts/application
  Rendered home/top.html.erb within layouts/application (Duration: 0.1ms | Allocations: 206)
  Rendered layout layouts/application.html.erb (Duration: 5.0ms | Allocations: 4758)
Completed 500 Internal Server Error in 92ms (ActiveRecord: 0.0ms | Allocations: 39314)


  
ActionView::Template::Error (Error: File to import not found or unreadable: bootstrap/dist/css/bootstrap.
        on line 1:1 of app/assets/stylesheets/application.scss
>> @import 'bootstrap/dist/css/bootstrap';

   ^
):
     6:     <%= csrf_meta_tags %>
     7:     <%= csp_meta_tag %>
     8: 
     9:     <%= stylesheet_link_tag "application" %>
    10:     <%= javascript_include_tag "application", "data-turbo-track": "reload", defer: true %>
    11:   </head>
    12: 
  
app/views/layouts/application.html.erb:9
Started GET "/" for ::1 at 2024-09-09 16:34:39 +0900
  [1m[36mActiveRecord::SchemaMigration Load (0.0ms)[0m  [1m[34mSELECT "schema_migrations"."version" FROM "schema_migrations" ORDER BY "schema_migrations"."version" ASC[0m
Processing by HomeController#top as HTML
  Rendering layout layouts/application.html.erb
  Rendering home/top.html.erb within layouts/application
  Rendered home/top.html.erb within layouts/application (Duration: 0.1ms | Allocations: 205)
  Rendered layout layouts/application.html.erb (Duration: 5.9ms | Allocations: 6092)
Completed 500 Internal Server Error in 91ms (ActiveRecord: 0.0ms | Allocations: 40602)


  
ActionView::Template::Error (Error: File to import not found or unreadable: bootstrap-sprockets.
        on line 1:1 of app/assets/stylesheets/application.scss
>> @import "bootstrap-sprockets";

   ^
):
     6:     <%= csrf_meta_tags %>
     7:     <%= csp_meta_tag %>
     8: 
     9:     <%= stylesheet_link_tag "application" %>
    10:     <%= javascript_include_tag "application", "data-turbo-track": "reload", defer: true %>
    11:   </head>
    12: 
  
app/views/layouts/application.html.erb:9
Started GET "/" for ::1 at 2024-09-09 16:39:54 +0900
Processing by HomeController#top as HTML
  Rendering layout layouts/application.html.erb
  Rendering home/top.html.erb within layouts/application
  Rendered home/top.html.erb within layouts/application (Duration: 0.1ms | Allocations: 7)
  Rendered layout layouts/application.html.erb (Duration: 720.7ms | Allocations: 155784)
Completed 500 Internal Server Error in 722ms (ActiveRecord: 0.0ms | Allocations: 156014)


  
ActionView::Template::Error (Asset `application.js` was not declared to be precompiled in production.
Declare links to your assets in `app/assets/config/manifest.js`.

  //= link application.js

and restart your server):
     7:     <%= csp_meta_tag %>
     8: 
     9:     <%= stylesheet_link_tag "application" %>
    10:     <%= javascript_include_tag "application", "data-turbo-track": "reload", defer: true %>
    11:   </head>
    12: 
    13:   <body>
  
app/views/layouts/application.html.erb:10
Started GET "/" for ::1 at 2024-09-09 16:41:42 +0900
  [1m[36mActiveRecord::SchemaMigration Load (0.0ms)[0m  [1m[34mSELECT "schema_migrations"."version" FROM "schema_migrations" ORDER BY "schema_migrations"."version" ASC[0m
Processing by HomeController#top as HTML
  Rendering layout layouts/application.html.erb
  Rendering home/top.html.erb within layouts/application
  Rendered home/top.html.erb within layouts/application (Duration: 0.1ms | Allocations: 205)
  Rendered shared/_before_login_header.html.erb (Duration: 0.1ms | Allocations: 102)
  Rendered shared/_footer.html.erb (Duration: 0.1ms | Allocations: 82)
  Rendered layout layouts/application.html.erb (Duration: 28.1ms | Allocations: 36719)
Completed 200 OK in 112ms (Views: 30.0ms | ActiveRecord: 0.0ms | Allocations: 71189)


Started GET "/" for ::1 at 2024-09-09 16:47:57 +0900
Processing by HomeController#top as HTML
  Rendering layout layouts/application.html.erb
  Rendering home/top.html.erb within layouts/application
  Rendered home/top.html.erb within layouts/application (Duration: 0.1ms | Allocations: 112)
  Rendered shared/_before_login_header.html.erb (Duration: 0.2ms | Allocations: 156)
  Rendered shared/_footer.html.erb (Duration: 0.1ms | Allocations: 81)
  Rendered layout layouts/application.html.erb (Duration: 18.0ms | Allocations: 8397)
Completed 200 OK in 20ms (Views: 19.0ms | ActiveRecord: 0.0ms | Allocations: 9701)


Started GET "/" for ::1 at 2024-09-09 16:48:00 +0900
Processing by HomeController#top as HTML
  Rendering layout layouts/application.html.erb
  Rendering home/top.html.erb within layouts/application
  Rendered home/top.html.erb within layouts/application (Duration: 0.0ms | Allocations: 7)
  Rendered shared/_before_login_header.html.erb (Duration: 0.1ms | Allocations: 18)
  Rendered shared/_footer.html.erb (Duration: 0.0ms | Allocations: 7)
  Rendered layout layouts/application.html.erb (Duration: 6.8ms | Allocations: 5115)
Completed 200 OK in 8ms (Views: 7.1ms | ActiveRecord: 0.0ms | Allocations: 5353)


Started GET "/" for ::1 at 2024-09-09 16:48:01 +0900
Processing by HomeController#top as HTML
  Rendering layout layouts/application.html.erb
  Rendering home/top.html.erb within layouts/application
  Rendered home/top.html.erb within layouts/application (Duration: 0.0ms | Allocations: 7)
  Rendered shared/_before_login_header.html.erb (Duration: 0.0ms | Allocations: 18)
  Rendered shared/_footer.html.erb (Duration: 0.0ms | Allocations: 7)
  Rendered layout layouts/application.html.erb (Duration: 5.6ms | Allocations: 5075)
Completed 200 OK in 7ms (Views: 6.0ms | ActiveRecord: 0.0ms | Allocations: 5308)


Started GET "/" for ::1 at 2024-09-09 16:48:21 +0900
  [1m[36mActiveRecord::SchemaMigration Load (0.0ms)[0m  [1m[34mSELECT "schema_migrations"."version" FROM "schema_migrations" ORDER BY "schema_migrations"."version" ASC[0m
Processing by HomeController#top as HTML
  Rendering layout layouts/application.html.erb
  Rendering home/top.html.erb within layouts/application
  Rendered home/top.html.erb within layouts/application (Duration: 0.2ms | Allocations: 205)
  Rendered shared/_before_login_header.html.erb (Duration: 0.2ms | Allocations: 158)
  Rendered shared/_footer.html.erb (Duration: 0.7ms | Allocations: 82)
  Rendered layout layouts/application.html.erb (Duration: 31.7ms | Allocations: 32124)
Completed 200 OK in 121ms (Views: 33.4ms | ActiveRecord: 0.0ms | Allocations: 66718)


Started GET "/" for ::1 at 2024-09-09 16:48:23 +0900
Processing by HomeController#top as HTML
  Rendering layout layouts/application.html.erb
  Rendering home/top.html.erb within layouts/application
  Rendered home/top.html.erb within layouts/application (Duration: 0.0ms | Allocations: 7)
  Rendered shared/_before_login_header.html.erb (Duration: 0.0ms | Allocations: 18)
  Rendered shared/_footer.html.erb (Duration: 0.0ms | Allocations: 7)
  Rendered layout layouts/application.html.erb (Duration: 13.0ms | Allocations: 5106)
Completed 200 OK in 14ms (Views: 13.3ms | ActiveRecord: 0.0ms | Allocations: 5345)


Started GET "/" for ::1 at 2024-09-09 16:48:24 +0900
Processing by HomeController#top as HTML
  Rendering layout layouts/application.html.erb
  Rendering home/top.html.erb within layouts/application
  Rendered home/top.html.erb within layouts/application (Duration: 0.1ms | Allocations: 7)
  Rendered shared/_before_login_header.html.erb (Duration: 0.1ms | Allocations: 18)
  Rendered shared/_footer.html.erb (Duration: 0.0ms | Allocations: 7)
  Rendered layout layouts/application.html.erb (Duration: 7.7ms | Allocations: 5106)
Completed 200 OK in 9ms (Views: 8.4ms | ActiveRecord: 0.0ms | Allocations: 5343)


Started GET "/" for ::1 at 2024-09-09 16:52:18 +0900
Processing by HomeController#top as HTML
  Rendering layout layouts/application.html.erb
  Rendering home/top.html.erb within layouts/application
  Rendered home/top.html.erb within layouts/application (Duration: 0.2ms | Allocations: 116)
  Rendered shared/_before_login_header.html.erb (Duration: 0.2ms | Allocations: 132)
  Rendered shared/_footer.html.erb (Duration: 0.2ms | Allocations: 93)
  Rendered layout layouts/application.html.erb (Duration: 4.0ms | Allocations: 5835)
Completed 200 OK in 6ms (Views: 4.9ms | ActiveRecord: 0.0ms | Allocations: 7142)


